0 info it worked if it ends with ok
1 verbose cli [ 'node',
1 verbose cli   '/usr/local/bin/npm',
1 verbose cli   'install',
1 verbose cli   'gulp-minifi-html',
1 verbose cli   '--save-dev' ]
2 info using npm@1.4.28
3 info using node@v0.10.32
4 warn package.json perro-de-cobre@0.0.0 No description
5 warn package.json perro-de-cobre@0.0.0 No repository field.
6 warn package.json perro-de-cobre@0.0.0 No README data
7 verbose readDependencies using package.json deps
8 verbose cache add [ 'gulp-minifi-html', null ]
9 verbose cache add name=undefined spec="gulp-minifi-html" args=["gulp-minifi-html",null]
10 verbose parsed url { protocol: null,
10 verbose parsed url   slashes: null,
10 verbose parsed url   auth: null,
10 verbose parsed url   host: null,
10 verbose parsed url   port: null,
10 verbose parsed url   hostname: null,
10 verbose parsed url   hash: null,
10 verbose parsed url   search: null,
10 verbose parsed url   query: null,
10 verbose parsed url   pathname: 'gulp-minifi-html',
10 verbose parsed url   path: 'gulp-minifi-html',
10 verbose parsed url   href: 'gulp-minifi-html' }
11 silly lockFile d8bb12f5-gulp-minifi-html gulp-minifi-html
12 verbose lock gulp-minifi-html /Users/carloscanizal/.npm/d8bb12f5-gulp-minifi-html.lock
13 silly lockFile d8bb12f5-gulp-minifi-html gulp-minifi-html
14 silly lockFile d8bb12f5-gulp-minifi-html gulp-minifi-html
15 verbose addNamed [ 'gulp-minifi-html', '' ]
16 verbose addNamed [ null, '*' ]
17 silly lockFile 06dd845c-gulp-minifi-html gulp-minifi-html@
18 verbose lock gulp-minifi-html@ /Users/carloscanizal/.npm/06dd845c-gulp-minifi-html.lock
19 silly addNameRange { name: 'gulp-minifi-html', range: '*', hasData: false }
20 verbose request where is /gulp-minifi-html
21 verbose request registry https://registry.npmjs.org/
22 verbose request id 6b2e918f25a8475a
23 verbose url raw /gulp-minifi-html
24 verbose url resolving [ 'https://registry.npmjs.org/', './gulp-minifi-html' ]
25 verbose url resolved https://registry.npmjs.org/gulp-minifi-html
26 verbose request where is https://registry.npmjs.org/gulp-minifi-html
27 info trying registry request attempt 1 at 23:41:10
28 http GET https://registry.npmjs.org/gulp-minifi-html
29 http 404 https://registry.npmjs.org/gulp-minifi-html
30 verbose headers { date: 'Wed, 25 Feb 2015 05:41:10 GMT',
30 verbose headers   server: 'CouchDB/1.5.0 (Erlang OTP/R16B03)',
30 verbose headers   'content-type': 'application/json',
30 verbose headers   'cache-control': 'max-age=0',
30 verbose headers   'content-length': '52',
30 verbose headers   'accept-ranges': 'bytes',
30 verbose headers   via: '1.1 varnish',
30 verbose headers   age: '0',
30 verbose headers   'x-served-by': 'cache-dfw1833-DFW',
30 verbose headers   'x-cache': 'MISS',
30 verbose headers   'x-cache-hits': '0',
30 verbose headers   'x-timer': 'S1424842870.736097,VS0,VE43',
30 verbose headers   'keep-alive': 'timeout=10, max=50',
30 verbose headers   connection: 'Keep-Alive' }
31 silly registry.get cb [ 404,
31 silly registry.get   { date: 'Wed, 25 Feb 2015 05:41:10 GMT',
31 silly registry.get     server: 'CouchDB/1.5.0 (Erlang OTP/R16B03)',
31 silly registry.get     'content-type': 'application/json',
31 silly registry.get     'cache-control': 'max-age=0',
31 silly registry.get     'content-length': '52',
31 silly registry.get     'accept-ranges': 'bytes',
31 silly registry.get     via: '1.1 varnish',
31 silly registry.get     age: '0',
31 silly registry.get     'x-served-by': 'cache-dfw1833-DFW',
31 silly registry.get     'x-cache': 'MISS',
31 silly registry.get     'x-cache-hits': '0',
31 silly registry.get     'x-timer': 'S1424842870.736097,VS0,VE43',
31 silly registry.get     'keep-alive': 'timeout=10, max=50',
31 silly registry.get     connection: 'Keep-Alive' } ]
32 silly lockFile 06dd845c-gulp-minifi-html gulp-minifi-html@
33 silly lockFile 06dd845c-gulp-minifi-html gulp-minifi-html@
34 error 404 404 Not Found: gulp-minifi-html
34 error 404
34 error 404 'gulp-minifi-html' is not in the npm registry.
34 error 404 You should bug the author to publish it
34 error 404 It was specified as a dependency of 'perro-de-cobre'
34 error 404
34 error 404 Note that you can also install from a
34 error 404 tarball, folder, or http url, or git url.
35 error System Darwin 14.1.0
36 error command "node" "/usr/local/bin/npm" "install" "gulp-minifi-html" "--save-dev"
37 error cwd /Users/carloscanizal/projects/perro-de-cobre
38 error node -v v0.10.32
39 error npm -v 1.4.28
40 error code E404
41 verbose exit [ 1, true ]
